<?xml version="1.0" encoding="UTF-8"?>
<!-- Generated by org.testng.reporters.JUnitReportReporter -->
<testsuite hostname="Goku" failures="0" tests="4" name="com.qa.petstore.test.UserTests" time="6.697" errors="0" timestamp="2024-09-30T23:15:31 IST" skipped="0">
  <testcase classname="com.qa.petstore.test.UserTests" name="testPostUser" time="2.236"/>
  <system-out/>
  <testcase classname="com.qa.petstore.test.UserTests" name="testGetUserByName" time="1.097"/>
  <system-out/>
  <testcase classname="com.qa.petstore.test.UserTests" name="testUpdateUser" time="2.250"/>
  <system-out/>
  <testcase classname="com.qa.petstore.test.UserTests" name="testDeleteUserByName" time="1.114"/>
  <system-out/>
</testsuite> <!-- com.qa.petstore.test.UserTests -->
