<?xml version="1.0" encoding="UTF-8"?>
<!-- Generated by org.testng.reporters.JUnitReportReporter -->
<testsuite hostname="Goku" failures="0" tests="4" name="com.qa.petstore.test.User1Tests" time="7.805" errors="0" timestamp="2024-10-02T18:07:26 IST" skipped="0">
  <testcase classname="com.qa.petstore.test.User1Tests" name="testPostUser" time="3.271"/>
  <system-out/>
  <testcase classname="com.qa.petstore.test.User1Tests" name="testGetUserByName" time="1.191"/>
  <system-out/>
  <testcase classname="com.qa.petstore.test.User1Tests" name="testUpdateUser" time="2.241"/>
  <system-out/>
  <testcase classname="com.qa.petstore.test.User1Tests" name="testDeleteUserByName" time="1.102"/>
  <system-out/>
</testsuite> <!-- com.qa.petstore.test.User1Tests -->
