<?xml version="1.0" encoding="UTF-8"?>
<!-- Generated by org.testng.reporters.JUnitReportReporter -->
<testsuite hostname="Goku" failures="0" tests="4" name="com.qa.petstore.test.UserTests" time="5.609" errors="0" timestamp="2024-10-02T21:26:45 IST" skipped="0">
  <testcase classname="com.qa.petstore.test.UserTests" name="testPostUser" time="1.125"/>
  <testcase classname="com.qa.petstore.test.UserTests" name="testGetUserByName" time="1.062"/>
  <testcase classname="com.qa.petstore.test.UserTests" name="testUpdateUser" time="2.297"/>
  <testcase classname="com.qa.petstore.test.UserTests" name="testDeleteUserByName" time="1.125"/>
</testsuite> <!-- com.qa.petstore.test.UserTests -->
