<?xml version="1.0" encoding="UTF-8"?>
<!-- Generated by org.testng.reporters.JUnitReportReporter -->
<testsuite hostname="Goku" failures="0" tests="4" name="com.qa.petstore.test.User1Tests" time="10.460" errors="0" timestamp="2024-10-02T21:26:45 IST" skipped="0">
  <testcase classname="com.qa.petstore.test.User1Tests" name="testPostUser" time="3.148"/>
  <testcase classname="com.qa.petstore.test.User1Tests" name="testGetUserByName" time="1.375"/>
  <testcase classname="com.qa.petstore.test.User1Tests" name="testUpdateUser" time="4.828"/>
  <testcase classname="com.qa.petstore.test.User1Tests" name="testDeleteUserByName" time="1.109"/>
</testsuite> <!-- com.qa.petstore.test.User1Tests -->
